\BOOKMARK [1][-]{section*.1}{Preface}{}% 1
\BOOKMARK [0][-]{section*.2}{Contents}{}% 2
\BOOKMARK [0][-]{chapter.4}{Basic homotopy theory}{}% 3
\BOOKMARK [1][-]{section.4.39}{Limits, colimits, and adjunctions}{chapter.4}% 4
\BOOKMARK [1][-]{section.4.40}{Cartesian closure and compactly generated spaces}{chapter.4}% 5
\BOOKMARK [1][-]{section.4.41}{Weak Hausdorff, Basepoints}{chapter.4}% 6
\BOOKMARK [1][-]{section.4.42}{Fiber bundles, fibrations, cofibrations}{chapter.4}% 7
\BOOKMARK [1][-]{section.4.43}{Fibrations and cofibrations}{chapter.4}% 8
\BOOKMARK [1][-]{section.4.44}{Homotopy fibers}{chapter.4}% 9
\BOOKMARK [1][-]{section.4.45}{Barratt-Puppe sequence}{chapter.4}% 10
\BOOKMARK [1][-]{section.4.46}{Relative homotopy groups}{chapter.4}% 11
\BOOKMARK [1][-]{section.4.47}{Action of 1, simple spaces, and the Hurewicz theorem}{chapter.4}% 12
\BOOKMARK [1][-]{section.4.48}{Examples of CW-complexes}{chapter.4}% 13
\BOOKMARK [1][-]{section.4.49}{Relative Hurewicz and J. H. C. Whitehead}{chapter.4}% 14
\BOOKMARK [1][-]{section.4.50}{Cellular approximation, cellular homology, obstruction theory}{chapter.4}% 15
\BOOKMARK [1][-]{section.4.51}{Conclusions from obstruction theory}{chapter.4}% 16
\BOOKMARK [0][-]{chapter.5}{Vector bundles}{}% 17
\BOOKMARK [1][-]{section.5.52}{Vector bundles, principal bundles}{chapter.5}% 18
\BOOKMARK [1][-]{section.5.53}{Principal bundles, associated bundles}{chapter.5}% 19
\BOOKMARK [1][-]{section.5.54}{I-invariance of BunG, and G-CW-complexes}{chapter.5}% 20
\BOOKMARK [1][-]{section.5.55}{Classifying spaces: the Grassmann model}{chapter.5}% 21
\BOOKMARK [1][-]{section.5.56}{Simplicial sets}{chapter.5}% 22
\BOOKMARK [1][-]{section.5.57}{Properties of the classifying space}{chapter.5}% 23
\BOOKMARK [1][-]{section.5.58}{Classifying spaces of groups}{chapter.5}% 24
\BOOKMARK [1][-]{section.5.59}{Classifying spaces and bundles}{chapter.5}% 25
\BOOKMARK [0][-]{chapter.6}{Spectral sequences}{}% 26
\BOOKMARK [1][-]{section.6.60}{The spectral sequence of a filtered complex}{chapter.6}% 27
\BOOKMARK [1][-]{section.6.61}{Exact couples}{chapter.6}% 28
\BOOKMARK [1][-]{section.6.62}{Applications}{chapter.6}% 29
\BOOKMARK [1][-]{section.6.63}{Edge homomorphisms, transgression}{chapter.6}% 30
\BOOKMARK [1][-]{section.6.64}{Serre classes}{chapter.6}% 31
\BOOKMARK [1][-]{section.6.65}{Mod C Hurewicz, Whitehead, cohomology spectral sequence}{chapter.6}% 32
\BOOKMARK [1][-]{section.6.66}{A few examples, double complexes, Dress sseq}{chapter.6}% 33
\BOOKMARK [1][-]{section.6.67}{Dress spectral sequence, Leray-Hirsch}{chapter.6}% 34
\BOOKMARK [1][-]{section.6.68}{Integration, Gysin, Euler, Thom}{chapter.6}% 35
\BOOKMARK [0][-]{chapter.7}{Characteristic classes}{}% 36
\BOOKMARK [1][-]{section.7.69}{Grothendieck's construction of Chern classes}{chapter.7}% 37
\BOOKMARK [1][-]{section.7.70}{H\(BU\(n\)\), splitting principle}{chapter.7}% 38
\BOOKMARK [1][-]{section.7.71}{The Whitney sum formula}{chapter.7}% 39
\BOOKMARK [1][-]{section.7.72}{Stiefel-Whitney classes, immersions, cobordisms}{chapter.7}% 40
\BOOKMARK [1][-]{section.7.73}{Oriented bundles, Pontryagin classes, Signature theorem}{chapter.7}% 41
\BOOKMARK [0][-]{section*.72}{Bibliography}{}% 42
