\BOOKMARK [0][-]{section*.2}{Contents}{}% 1
\BOOKMARK [0][-]{chapter.1}{Singular homology}{}% 2
\BOOKMARK [1][-]{section.1.1}{Introduction: singular simplices and chains}{chapter.1}% 3
\BOOKMARK [1][-]{section.1.2}{More about homology}{chapter.1}% 4
\BOOKMARK [1][-]{section.1.3}{Categories, functors, natural transformations}{chapter.1}% 5
\BOOKMARK [1][-]{section.1.4}{More about categories}{chapter.1}% 6
\BOOKMARK [1][-]{section.1.5}{Homotopy, star-shaped regions}{chapter.1}% 7
\BOOKMARK [1][-]{section.1.6}{Homotopy invariance of homology}{chapter.1}% 8
\BOOKMARK [1][-]{section.1.7}{Homology cross product}{chapter.1}% 9
\BOOKMARK [1][-]{section.1.8}{Relative homology}{chapter.1}% 10
\BOOKMARK [1][-]{section.1.9}{The homology long exact sequence}{chapter.1}% 11
\BOOKMARK [1][-]{section.1.10}{Excision and applications}{chapter.1}% 12
\BOOKMARK [1][-]{section.1.11}{The Eilenberg Steenrod axioms and the locality principle}{chapter.1}% 13
\BOOKMARK [1][-]{section.1.12}{Subdivision}{chapter.1}% 14
\BOOKMARK [1][-]{section.1.13}{Proof of the Locality Principle}{chapter.1}% 15
\BOOKMARK [0][-]{chapter.2}{Computational methods}{}% 16
\BOOKMARK [1][-]{section.2.14}{CW-complexes}{chapter.2}% 17
\BOOKMARK [1][-]{section.2.15}{CW-complexes II}{chapter.2}% 18
\BOOKMARK [1][-]{section.2.16}{Homology of CW-complexes}{chapter.2}% 19
\BOOKMARK [1][-]{section.2.17}{Real projective space}{chapter.2}% 20
\BOOKMARK [1][-]{section.2.18}{Euler characteristic, and homology approximation}{chapter.2}% 21
\BOOKMARK [1][-]{section.2.19}{Coefficients}{chapter.2}% 22
\BOOKMARK [1][-]{section.2.20}{Tensor product}{chapter.2}% 23
\BOOKMARK [1][-]{section.2.21}{Tensor and Tor}{chapter.2}% 24
\BOOKMARK [1][-]{section.2.22}{The fundamental lemma of homological algebra}{chapter.2}% 25
\BOOKMARK [1][-]{section.2.23}{Hom and Lim}{chapter.2}% 26
\BOOKMARK [1][-]{section.2.24}{Universal coefficient theorem}{chapter.2}% 27
\BOOKMARK [1][-]{section.2.25}{K\374nneth and Eilenberg-Zilber}{chapter.2}% 28
\BOOKMARK [0][-]{chapter.3}{Cohomology and duality}{}% 29
\BOOKMARK [1][-]{section.3.26}{Coproducts, cohomology}{chapter.3}% 30
\BOOKMARK [1][-]{section.3.27}{Ext and UCT}{chapter.3}% 31
\BOOKMARK [1][-]{section.3.28}{Products in cohomology}{chapter.3}% 32
\BOOKMARK [1][-]{section.3.29}{Cup product, continued}{chapter.3}% 33
\BOOKMARK [1][-]{section.3.30}{Surfaces and nondegenerate symmetric bilinear forms}{chapter.3}% 34
\BOOKMARK [1][-]{section.3.31}{Local coefficients and orientations}{chapter.3}% 35
\BOOKMARK [1][-]{section.3.32}{Proof of the orientation theorem}{chapter.3}% 36
\BOOKMARK [1][-]{section.3.33}{A plethora of products}{chapter.3}% 37
\BOOKMARK [1][-]{section.3.34}{Cap product and ``Cech'' cohomology}{chapter.3}% 38
\BOOKMARK [1][-]{section.3.35}{ as a cohomology theory}{chapter.3}% 39
\BOOKMARK [1][-]{section.3.36}{The fully relative cap product}{chapter.3}% 40
\BOOKMARK [1][-]{section.3.37}{Poincar\351 duality}{chapter.3}% 41
\BOOKMARK [1][-]{section.3.38}{Applications}{chapter.3}% 42
\BOOKMARK [0][-]{section*.4}{Bibliography}{}% 43
